\BOOKMARK [1][-]{table.caption.2}{Table of Contents}{}% 1
\BOOKMARK [1][-]{section*.3}{List of Figures}{}% 2
\BOOKMARK [1][-]{section*.4}{List of Tables}{}% 3
\BOOKMARK [1][-]{section.1}{Introduction}{}% 4
\BOOKMARK [2][-]{subsection.1.1}{Purpose}{section.1}% 5
\BOOKMARK [2][-]{subsection.1.2}{Scope}{section.1}% 6
\BOOKMARK [2][-]{subsection.1.3}{Definition, Acronyms, Abbreviations}{section.1}% 7
\BOOKMARK [3][-]{subsubsection.1.3.1}{definition}{subsection.1.3}% 8
\BOOKMARK [3][-]{subsubsection.1.3.2}{acronyms}{subsection.1.3}% 9
\BOOKMARK [3][-]{subsubsection.1.3.3}{abbreviations}{subsection.1.3}% 10
\BOOKMARK [2][-]{subsection.1.4}{Revision history}{section.1}% 11
\BOOKMARK [2][-]{subsection.1.5}{Reference documents}{section.1}% 12
\BOOKMARK [2][-]{subsection.1.6}{Document structure}{section.1}% 13
\BOOKMARK [1][-]{section.2}{Overall Description}{}% 14
\BOOKMARK [2][-]{subsection.2.1}{Product perspective}{section.2}% 15
\BOOKMARK [2][-]{subsection.2.2}{Product functions}{section.2}% 16
\BOOKMARK [2][-]{subsection.2.3}{User characteristics}{section.2}% 17
\BOOKMARK [2][-]{subsection.2.4}{Domain Assumption and Dependencies}{section.2}% 18
\BOOKMARK [2][-]{subsection.2.5}{Constrains}{section.2}% 19
\BOOKMARK [1][-]{section.3}{Specific Requirements}{}% 20
\BOOKMARK [2][-]{subsection.3.1}{External interface requirements}{section.3}% 21
\BOOKMARK [3][-]{subsubsection.3.1.1}{User interface}{subsection.3.1}% 22
\BOOKMARK [3][-]{subsubsection.3.1.2}{Software interface}{subsection.3.1}% 23
\BOOKMARK [2][-]{subsection.3.2}{Functional requirements}{section.3}% 24
\BOOKMARK [3][-]{subsubsection.3.2.1}{[G1] Allow a Guest to create a registered Travlendar+ account.}{subsection.3.2}% 25
\BOOKMARK [3][-]{subsubsection.3.2.2}{[G2] Allow an User to log in into his Travlendar+ account.}{subsection.3.2}% 26
\BOOKMARK [3][-]{subsubsection.3.2.3}{[G3] Allow an User to create a new appointment in his calendar.}{subsection.3.2}% 27
\BOOKMARK [3][-]{subsubsection.3.2.4}{[G4] Allow an User to delete an existing appointment from his calendar.}{subsection.3.2}% 28
\BOOKMARK [3][-]{subsubsection.3.2.5}{[G5] Allow an User to edit an existing appointment in his calendar.}{subsection.3.2}% 29
\BOOKMARK [3][-]{subsubsection.3.2.6}{[G6] Allow an User to view his appointments.}{subsection.3.2}% 30
\BOOKMARK [3][-]{subsubsection.3.2.7}{[G7] Allow an User to view his Daily Schedule}{subsection.3.2}% 31
\BOOKMARK [3][-]{subsubsection.3.2.8}{[G8] Allow an User to navigate and choose between different travel alternatives.}{subsection.3.2}% 32
\BOOKMARK [3][-]{subsubsection.3.2.9}{[G9] Allow an User to manage alerts for each appointment.}{subsection.3.2}% 33
\BOOKMARK [3][-]{subsubsection.3.2.10}{[G10] Allow an User to manage his travel preferences.}{subsection.3.2}% 34
\BOOKMARK [3][-]{subsubsection.3.2.11}{[G11] Allow an User to buy public transportation tickets.}{subsection.3.2}% 35
\BOOKMARK [2][-]{subsection.3.3}{Design constraints}{section.3}% 36
\BOOKMARK [3][-]{subsubsection.3.3.1}{Standards compliance}{subsection.3.3}% 37
\BOOKMARK [3][-]{subsubsection.3.3.2}{Hardware limitations}{subsection.3.3}% 38
\BOOKMARK [2][-]{subsection.3.4}{Software system attributes}{section.3}% 39
\BOOKMARK [3][-]{subsubsection.3.4.1}{Reliability}{subsection.3.4}% 40
\BOOKMARK [3][-]{subsubsection.3.4.2}{Availability}{subsection.3.4}% 41
\BOOKMARK [3][-]{subsubsection.3.4.3}{Security}{subsection.3.4}% 42
\BOOKMARK [3][-]{subsubsection.3.4.4}{Maintainability}{subsection.3.4}% 43
\BOOKMARK [3][-]{subsubsection.3.4.5}{Portability}{subsection.3.4}% 44
\BOOKMARK [1][-]{section.4}{Formal Analysis Using Alloy}{}% 45
\BOOKMARK [1][-]{section.5}{Effort Spent}{}% 46
\BOOKMARK [1][-]{section.5}{References}{}% 47
