\BOOKMARK [1][-]{table.caption.3}{Table of Contents}{}% 1
\BOOKMARK [1][-]{section*.4}{List of Figures}{}% 2
\BOOKMARK [1][-]{section.1}{Introduction}{}% 3
\BOOKMARK [2][-]{subsection.1.1}{Purpose}{section.1}% 4
\BOOKMARK [2][-]{subsection.1.2}{Scope}{section.1}% 5
\BOOKMARK [2][-]{subsection.1.3}{Definitions, Acronyms, Abbreviations}{section.1}% 6
\BOOKMARK [3][-]{subsubsection.1.3.1}{Definitions}{subsection.1.3}% 7
\BOOKMARK [3][-]{subsubsection.1.3.2}{Acronyms}{subsection.1.3}% 8
\BOOKMARK [3][-]{subsubsection.1.3.3}{Abbreviations}{subsection.1.3}% 9
\BOOKMARK [2][-]{subsection.1.4}{Document structure}{section.1}% 10
\BOOKMARK [1][-]{section.2}{Architectural design}{}% 11
\BOOKMARK [2][-]{subsection.2.1}{Overview: High-level components and their interaction}{section.2}% 12
\BOOKMARK [2][-]{subsection.2.2}{Component view}{section.2}% 13
\BOOKMARK [2][-]{subsection.2.3}{Deployment view}{section.2}% 14
\BOOKMARK [2][-]{subsection.2.4}{Runtime view}{section.2}% 15
\BOOKMARK [2][-]{subsection.2.5}{Component interfaces}{section.2}% 16
\BOOKMARK [2][-]{subsection.2.6}{Selected architectural styles and patterns}{section.2}% 17
\BOOKMARK [1][-]{section.3}{Algorithm design}{}% 18
\BOOKMARK [1][-]{section.4}{User interface design}{}% 19
\BOOKMARK [1][-]{section.5}{Requirements traceability}{}% 20
\BOOKMARK [1][-]{section.6}{Implementation, integration and test plan}{}% 21
\BOOKMARK [1][-]{section.7}{Effort spent}{}% 22
